<?xml version="1.0" encoding="UTF-8"?>
<!-- Generated by org.testng.reporters.JUnitReportReporter -->
<testsuite hostname="DESKTOP-TL25OI3" failures="0" tests="3" name="tests.LoginTests" time="39.412" errors="0" timestamp="2025-06-02T13:16:02 IST" skipped="0">
  <testcase classname="tests.LoginTests" name="validateValidLogin" time="9.777"/>
  <testcase classname="tests.LoginTests" name="validateLoginButtonStatus" time="10.428"/>
  <testcase classname="tests.LoginTests" name="validateLoginUI" time="19.207"/>
</testsuite> <!-- tests.LoginTests -->
