<?xml version="1.0" encoding="UTF-8"?>
<!-- Generated by org.testng.reporters.JUnitReportReporter -->
<testsuite hostname="DESKTOP-TL25OI3" failures="0" tests="4" name="tests.LoginTests" time="38.754" errors="0" timestamp="2025-06-03T23:52:02 IST" skipped="0">
  <testcase classname="tests.LoginTests" name="validateValidLogin" time="11.097"/>
  <testcase classname="tests.LoginTests" name="validateLoginButtonStatus" time="7.335"/>
  <testcase classname="tests.LoginTests" name="validateLoginUI" time="10.100"/>
  <testcase classname="tests.LoginTests" name="validateLoginFormElementPositions" time="10.222"/>
</testsuite> <!-- tests.LoginTests -->
